14:42:02: Creating resource group General
14:42:02: Creating resource group Internal
14:42:02: Creating resource group Autodetect
14:42:02: SceneManagerFactory for type 'DefaultSceneManager' registered.
14:42:02: Registering ResourceManager for type Material
14:42:02: Registering ResourceManager for type Mesh
14:42:02: Registering ResourceManager for type Skeleton
14:42:02: MovableObjectFactory for type 'ParticleSystem' registered.
14:42:02: OverlayElementFactory for type Panel registered.
14:42:02: OverlayElementFactory for type BorderPanel registered.
14:42:02: OverlayElementFactory for type TextArea registered.
14:42:02: Registering ResourceManager for type Font
14:42:02: ArchiveFactory for archive type FileSystem registered.
14:42:02: ArchiveFactory for archive type Zip registered.
14:42:02: DDS codec registering
14:42:02: FreeImage version: 3.15.3
14:42:02: This program uses FreeImage, a free, open source image library supporting all common bitmap formats. See http://freeimage.sourceforge.net for details
14:42:02: Supported formats: bmp,ico,jpg,jif,jpeg,jpe,jng,koa,iff,lbm,mng,pbm,pbm,pcd,pcx,pgm,pgm,png,ppm,ppm,ras,tga,targa,tif,tiff,wap,wbmp,wbm,psd,cut,xbm,xpm,gif,hdr,g3,sgi,exr,j2k,j2c,jp2,pfm,pct,pict,pic,3fr,arw,bay,bmq,cap,cine,cr2,crw,cs1,dc2,dcr,drf,dsc,dng,erf,fff,ia,iiq,k25,kc2,kdc,mdc,mef,mos,mrw,nef,nrw,orf,pef,ptx,pxn,qtk,raf,raw,rdc,rw2,rwl,rwz,sr2,srf,srw,sti
14:42:02: PVRTC codec registering
14:42:02: Registering ResourceManager for type HighLevelGpuProgram
14:42:02: Registering ResourceManager for type Compositor
14:42:02: MovableObjectFactory for type 'Entity' registered.
14:42:02: MovableObjectFactory for type 'Light' registered.
14:42:02: MovableObjectFactory for type 'BillboardSet' registered.
14:42:02: MovableObjectFactory for type 'ManualObject' registered.
14:42:02: MovableObjectFactory for type 'BillboardChain' registered.
14:42:02: MovableObjectFactory for type 'RibbonTrail' registered.
14:42:02: Loading library .\RenderSystem_Direct3D9
14:42:02: Installing plugin: D3D9 RenderSystem
14:42:02: D3D9 : Direct3D9 Rendering Subsystem created.
14:42:02: D3D9: Driver Detection Starts
14:42:02: D3D9: Driver Detection Ends
14:42:02: Plugin successfully installed
14:42:02: Loading library .\RenderSystem_GL
14:42:02: Installing plugin: GL RenderSystem
14:42:02: OpenGL Rendering Subsystem created.
14:42:02: Plugin successfully installed
14:42:02: Loading library .\Plugin_ParticleFX
14:42:02: Installing plugin: ParticleFX
14:42:02: Particle Emitter Type 'Point' registered
14:42:02: Particle Emitter Type 'Box' registered
14:42:02: Particle Emitter Type 'Ellipsoid' registered
14:42:02: Particle Emitter Type 'Cylinder' registered
14:42:02: Particle Emitter Type 'Ring' registered
14:42:02: Particle Emitter Type 'HollowEllipsoid' registered
14:42:02: Particle Affector Type 'LinearForce' registered
14:42:02: Particle Affector Type 'ColourFader' registered
14:42:02: Particle Affector Type 'ColourFader2' registered
14:42:02: Particle Affector Type 'ColourImage' registered
14:42:02: Particle Affector Type 'ColourInterpolator' registered
14:42:02: Particle Affector Type 'Scaler' registered
14:42:02: Particle Affector Type 'Rotator' registered
14:42:02: Particle Affector Type 'DirectionRandomiser' registered
14:42:02: Particle Affector Type 'DeflectorPlane' registered
14:42:02: Plugin successfully installed
14:42:02: Loading library .\Plugin_BSPSceneManager
14:42:02: Installing plugin: BSP Scene Manager
14:42:02: Plugin successfully installed
14:42:02: Loading library .\Plugin_OctreeSceneManager
14:42:02: Installing plugin: Octree & Terrain Scene Manager
14:42:02: Plugin successfully installed
14:42:02: Loading library .\Plugin_CgProgramManager
14:42:02: Installing plugin: Cg Program Manager
14:42:02: Plugin successfully installed
14:42:02: *-*-* OGRE Initialising
14:42:02: *-*-* Version 1.7.4 (Cthugha)
14:42:02: D3D9 : RenderSystem Option: Allow NVPerfHUD = No
14:42:02: D3D9 : RenderSystem Option: FSAA = 0
14:42:02: D3D9 : RenderSystem Option: Floating-point mode = Fastest
14:42:02: D3D9 : RenderSystem Option: Full Screen = No
14:42:02: D3D9 : RenderSystem Option: Rendering Device = Monitor-1-Intel(R) HD Graphics 4000
14:42:02: D3D9 : RenderSystem Option: Resource Creation Policy = Create on all devices
14:42:02: D3D9 : RenderSystem Option: VSync = No
14:42:02: D3D9 : RenderSystem Option: VSync Interval = 1
14:42:02: D3D9 : RenderSystem Option: Video Mode = 800 x 600 @ 32-bit colour
14:42:02: D3D9 : RenderSystem Option: sRGB Gamma Conversion = No
14:42:03: CPU Identifier & Features
14:42:03: -------------------------
14:42:03:  *   CPU ID: GenuineIntel: Intel(R) Core(TM) i5-3230M CPU @ 2.60GHz
14:42:03:  *      SSE: yes
14:42:03:  *     SSE2: yes
14:42:03:  *     SSE3: yes
14:42:03:  *      MMX: yes
14:42:03:  *   MMXEXT: yes
14:42:03:  *    3DNOW: no
14:42:03:  * 3DNOWEXT: no
14:42:03:  *     CMOV: yes
14:42:03:  *      TSC: yes
14:42:03:  *      FPU: yes
14:42:03:  *      PRO: yes
14:42:03:  *       HT: no
14:42:03: -------------------------
14:42:03: D3D9 : Subsystem Initialising
14:42:03: Registering ResourceManager for type Texture
14:42:03: Registering ResourceManager for type GpuProgram
14:42:03: D3D9RenderSystem::_createRenderWindow "AdvancedMogreFramework", 800x600 windowed  miscParams: FSAA=0 FSAAHint= colourDepth=32 gamma=false monitorIndex=0 useNVPerfHUD=false vsync=false vsyncInterval=1 
14:42:03: D3D9 : Created D3D9 Rendering Window 'AdvancedMogreFramework' : 800x600, 32bpp
14:42:03: D3D9 : WARNING - disabling VSync in windowed mode can cause timing issues at lower frame rates, turn VSync on if you observe this problem.
14:42:03: D3D9: Vertex texture format supported - PF_A8R8G8B8
14:42:03: D3D9: Vertex texture format supported - PF_B8G8R8A8
14:42:03: D3D9: Vertex texture format supported - PF_FLOAT16_RGB
14:42:03: D3D9: Vertex texture format supported - PF_FLOAT16_RGBA
14:42:03: D3D9: Vertex texture format supported - PF_FLOAT32_RGB
14:42:03: D3D9: Vertex texture format supported - PF_FLOAT32_RGBA
14:42:03: D3D9: Vertex texture format supported - PF_R8G8B8A8
14:42:03: D3D9: Vertex texture format supported - PF_DEPTH
14:42:03: D3D9: Vertex texture format supported - PF_FLOAT16_R
14:42:03: D3D9: Vertex texture format supported - PF_FLOAT32_R
14:42:03: D3D9: Vertex texture format supported - PF_FLOAT16_GR
14:42:03: D3D9: Vertex texture format supported - PF_FLOAT32_GR
14:42:03: D3D9: Vertex texture format supported - PF_PVRTC_RGB2
14:42:03: D3D9: Vertex texture format supported - PF_PVRTC_RGBA2
14:42:03: D3D9: Vertex texture format supported - PF_PVRTC_RGB4
14:42:03: D3D9: Vertex texture format supported - PF_PVRTC_RGBA4
14:42:03: RenderSystem capabilities
14:42:03: -------------------------
14:42:03: RenderSystem Name: Direct3D9 Rendering Subsystem
14:42:03: GPU Vendor: intel
14:42:03: Device Name: Monitor-1-Intel(R) HD Graphics 4000
14:42:03: Driver Version: 10.18.13.6143
14:42:03:  * Fixed function pipeline: yes
14:42:03:  * Hardware generation of mipmaps: yes
14:42:03:  * Texture blending: yes
14:42:03:  * Anisotropic texture filtering: yes
14:42:03:  * Dot product texture operation: yes
14:42:03:  * Cube mapping: yes
14:42:03:  * Hardware stencil buffer: yes
14:42:03:    - Stencil depth: 8
14:42:03:    - Two sided stencil support: yes
14:42:03:    - Wrap stencil values: yes
14:42:03:  * Hardware vertex / index buffers: yes
14:42:03:  * Vertex programs: yes
14:42:03:  * Number of floating-point constants for vertex programs: 256
14:42:03:  * Number of integer constants for vertex programs: 16
14:42:03:  * Number of boolean constants for vertex programs: 16
14:42:03:  * Fragment programs: yes
14:42:03:  * Number of floating-point constants for fragment programs: 224
14:42:03:  * Number of integer constants for fragment programs: 16
14:42:03:  * Number of boolean constants for fragment programs: 16
14:42:03:  * Geometry programs: no
14:42:03:  * Number of floating-point constants for geometry programs: 0
14:42:03:  * Number of integer constants for geometry programs: 0
14:42:03:  * Number of boolean constants for geometry programs: 0
14:42:03:  * Supported Shader Profiles: hlsl ps_1_1 ps_1_2 ps_1_3 ps_1_4 ps_2_0 ps_2_a ps_2_b ps_2_x ps_3_0 vs_1_1 vs_2_0 vs_2_a vs_2_x vs_3_0
14:42:03:  * Texture Compression: yes
14:42:03:    - DXT: yes
14:42:03:    - VTC: no
14:42:03:    - PVRTC: no
14:42:03:  * Scissor Rectangle: yes
14:42:03:  * Hardware Occlusion Query: yes
14:42:03:  * User clip planes: yes
14:42:03:  * VET_UBYTE4 vertex element type: yes
14:42:03:  * Infinite far plane projection: yes
14:42:03:  * Hardware render-to-texture: yes
14:42:03:  * Floating point textures: yes
14:42:03:  * Non-power-of-two textures: yes
14:42:03:  * Volume textures: yes
14:42:03:  * Multiple Render Targets: 4
14:42:03:    - With different bit depths: yes
14:42:03:  * Point Sprites: yes
14:42:03:  * Extended point parameters: yes
14:42:03:  * Max Point Size: 10
14:42:03:  * Vertex texture fetch: yes
14:42:03:  * Number of world matrices: 0
14:42:03:  * Number of texture units: 8
14:42:03:  * Stencil buffer depth: 8
14:42:03:  * Number of vertex blend matrices: 0
14:42:03:    - Max vertex textures: 4
14:42:03:    - Vertex textures shared: no
14:42:03:  * Render to Vertex Buffer : no
14:42:03:  * DirectX per stage constants: yes
14:42:03: ***************************************
14:42:03: *** D3D9 : Subsystem Initialised OK ***
14:42:03: ***************************************
14:42:03: DefaultWorkQueue('Root') initialising on thread main.
14:42:03: Particle Renderer Type 'billboard' registered
14:42:03: SceneManagerFactory for type 'BspSceneManager' registered.
14:42:03: Registering ResourceManager for type BspLevel
14:42:03: SceneManagerFactory for type 'OctreeSceneManager' registered.
14:42:03: SceneManagerFactory for type 'TerrainSceneManager' registered.
14:42:03: Creating resource group Bootstrap
14:42:03: Added resource location '../../media/packs/SdkTrays.zip' of type 'Zip' to resource group 'Bootstrap'
14:42:03: Added resource location '../../media/MyGUI_Media' of type 'FileSystem' to resource group 'General'
14:42:03: Added resource location '../../media/models' of type 'FileSystem' to resource group 'General'
14:42:03: Added resource location '../../media/cube_scene' of type 'FileSystem' to resource group 'General'
14:42:03: Added resource location '../../media/materials/scripts' of type 'FileSystem' to resource group 'General'
14:42:03: Added resource location '../../media/materials/textures' of type 'FileSystem' to resource group 'General'
14:42:03: Added resource location '../../media/packs/cubemapsJS.zip' of type 'Zip' to resource group 'General'
14:42:03: Added resource location '../../media/packs/Sinbad.zip' of type 'Zip' to resource group 'General'
14:42:03: Parsing scripts for resource group Autodetect
14:42:03: Finished parsing scripts for resource group Autodetect
14:42:03: Parsing scripts for resource group Bootstrap
14:42:03: Parsing script SdkTrays.material
14:42:03: Parsing script SdkTrays.fontdef
14:42:03: Parsing script SdkTrays.overlay
14:42:03: Bad element attribute line: '# you can offset the image to change the cursor "hotspot"' for element SdkTrays/Cursor in overlay 
14:42:03: Texture: sdk_cursor.png: Loading 1 faces(PF_A8R8G8B8,32x32x1) with  hardware generated mipmaps from Image. Internal format is PF_A8R8G8B8,32x32x1.
14:42:03: Texture: sdk_tray.png: Loading 1 faces(PF_A8R8G8B8,64x64x1) with  hardware generated mipmaps from Image. Internal format is PF_A8R8G8B8,64x64x1.
14:42:03: Texture: sdk_button_up.png: Loading 1 faces(PF_A8R8G8B8,128x32x1) with  hardware generated mipmaps from Image. Internal format is PF_A8R8G8B8,128x32x1.
14:42:03: Texture: sdk_text_box.png: Loading 1 faces(PF_A8R8G8B8,32x32x1) with  hardware generated mipmaps from Image. Internal format is PF_A8R8G8B8,32x32x1.
14:42:03: Texture: sdk_mini_tray.png: Loading 1 faces(PF_A8R8G8B8,32x32x1) with  hardware generated mipmaps from Image. Internal format is PF_A8R8G8B8,32x32x1.
14:42:03: Texture: sdk_track.png: Loading 1 faces(PF_A8R8G8B8,16x32x1) with  hardware generated mipmaps from Image. Internal format is PF_A8R8G8B8,16x32x1.
14:42:03: Texture: sdk_handle.png: Loading 1 faces(PF_A8R8G8B8,16x16x1) with  hardware generated mipmaps from Image. Internal format is PF_A8R8G8B8,16x16x1.
14:42:03: Texture: sdk_mini_text_box.png: Loading 1 faces(PF_A8R8G8B8,32x32x1) with  hardware generated mipmaps from Image. Internal format is PF_A8R8G8B8,32x32x1.
14:42:03: Texture: sdk_label.png: Loading 1 faces(PF_A8R8G8B8,32x32x1) with  hardware generated mipmaps from Image. Internal format is PF_A8R8G8B8,32x32x1.
14:42:03: Texture: sdk_separator.png: Loading 1 faces(PF_A8R8G8B8,64x16x1) with  hardware generated mipmaps from Image. Internal format is PF_A8R8G8B8,64x16x1.
14:42:03: Texture: sdk_logo.png: Loading 1 faces(PF_A8R8G8B8,128x64x1) with  hardware generated mipmaps from Image. Internal format is PF_A8R8G8B8,128x64x1.
14:42:03: Texture: sdk_shade.png: Loading 1 faces(PF_A8R8G8B8,64x48x1) with 5 generated mipmaps from Image. Internal format is PF_A8R8G8B8,64x48x1.
14:42:03: Texture: sdk_frame.png: Loading 1 faces(PF_A8R8G8B8,32x32x1) with  hardware generated mipmaps from Image. Internal format is PF_A8R8G8B8,32x32x1.
14:42:03: Texture: sdk_mini_text_box_over.png: Loading 1 faces(PF_A8R8G8B8,32x32x1) with  hardware generated mipmaps from Image. Internal format is PF_A8R8G8B8,32x32x1.
14:42:03: Texture: sdk_pulse.png: Loading 1 faces(PF_R8G8B8,8x1x1) with  hardware generated mipmaps from Image. Internal format is PF_X8R8G8B8,8x1x1.
14:42:03: Finished parsing scripts for resource group Bootstrap
14:42:03: Parsing scripts for resource group General
14:42:03: Parsing script Scene.material
14:42:03: Parsing script Examples.material
14:42:03: Compiler error: reference to a non existing object in Examples.material(253)
14:42:03: OGRE EXCEPTION(6:FileNotFoundException): Cannot locate resource hdr.cg in resource group General or any other group. in ResourceGroupManager::openResource at D:\Mogre BUILD 2012-10\BuildOutput\Main\OgreSrc\ogre\OgreMain\src\OgreResourceGroupManager.cpp (line 753)
14:42:03: High-level program Examples/MorningSkyBoxHDRfp encountered an error during loading and is thus not supported.
OGRE EXCEPTION(6:FileNotFoundException): Cannot locate resource hdr.cg in resource group General or any other group. in ResourceGroupManager::openResource at D:\Mogre BUILD 2012-10\BuildOutput\Main\OgreSrc\ogre\OgreMain\src\OgreResourceGroupManager.cpp (line 753)
14:42:03: OGRE EXCEPTION(6:FileNotFoundException): Cannot locate resource hdr.cg in resource group General or any other group. in ResourceGroupManager::openResource at D:\Mogre BUILD 2012-10\BuildOutput\Main\OgreSrc\ogre\OgreMain\src\OgreResourceGroupManager.cpp (line 753)
14:42:03: High-level program Examples/MorningCubeMapHDRfp encountered an error during loading and is thus not supported.
OGRE EXCEPTION(6:FileNotFoundException): Cannot locate resource hdr.cg in resource group General or any other group. in ResourceGroupManager::openResource at D:\Mogre BUILD 2012-10\BuildOutput\Main\OgreSrc\ogre\OgreMain\src\OgreResourceGroupManager.cpp (line 753)
14:42:03: Compiler error: reference to a non existing object in Examples.material(772)
14:42:03: Compiler error: reference to a non existing object in Examples.material(784)
14:42:03: OGRE EXCEPTION(6:FileNotFoundException): Cannot locate resource Grass.cg in resource group General or any other group. in ResourceGroupManager::openResource at D:\Mogre BUILD 2012-10\BuildOutput\Main\OgreSrc\ogre\OgreMain\src\OgreResourceGroupManager.cpp (line 753)
14:42:03: High-level program Examples/GrassWaverVp encountered an error during loading and is thus not supported.
OGRE EXCEPTION(6:FileNotFoundException): Cannot locate resource Grass.cg in resource group General or any other group. in ResourceGroupManager::openResource at D:\Mogre BUILD 2012-10\BuildOutput\Main\OgreSrc\ogre\OgreMain\src\OgreResourceGroupManager.cpp (line 753)
14:42:03: OGRE EXCEPTION(2:InvalidParametersException): Named constants have not been initialised, perhaps a compile error. in GpuProgramParameters::_findNamedConstantDefinition at D:\Mogre BUILD 2012-10\BuildOutput\Main\OgreSrc\ogre\OgreMain\src\OgreGpuProgramParams.cpp (line 1425)
14:42:03: Compiler error: invalid parameters in Examples.material(835): setting of constant failed
14:42:03: OGRE EXCEPTION(2:InvalidParametersException): Named constants have not been initialised, perhaps a compile error. in GpuProgramParameters::_findNamedConstantDefinition at D:\Mogre BUILD 2012-10\BuildOutput\Main\OgreSrc\ogre\OgreMain\src\OgreGpuProgramParams.cpp (line 1425)
14:42:03: Compiler error: invalid parameters in Examples.material(837): setting of constant failed
14:42:03: OGRE EXCEPTION(2:InvalidParametersException): Named constants have not been initialised, perhaps a compile error. in GpuProgramParameters::_findNamedConstantDefinition at D:\Mogre BUILD 2012-10\BuildOutput\Main\OgreSrc\ogre\OgreMain\src\OgreGpuProgramParams.cpp (line 1425)
14:42:03: Compiler error: invalid parameters in Examples.material(839): setting of constant failed
14:42:03: OGRE EXCEPTION(2:InvalidParametersException): Named constants have not been initialised, perhaps a compile error. in GpuProgramParameters::_findNamedConstantDefinition at D:\Mogre BUILD 2012-10\BuildOutput\Main\OgreSrc\ogre\OgreMain\src\OgreGpuProgramParams.cpp (line 1425)
14:42:03: Compiler error: invalid parameters in Examples.material(840): setting of constant failed
14:42:03: OGRE EXCEPTION(2:InvalidParametersException): Named constants have not been initialised, perhaps a compile error. in GpuProgramParameters::_findNamedConstantDefinition at D:\Mogre BUILD 2012-10\BuildOutput\Main\OgreSrc\ogre\OgreMain\src\OgreGpuProgramParams.cpp (line 1425)
14:42:03: Compiler error: invalid parameters in Examples.material(841): setting of constant failed
14:42:03: OGRE EXCEPTION(2:InvalidParametersException): Named constants have not been initialised, perhaps a compile error. in GpuProgramParameters::_findNamedConstantDefinition at D:\Mogre BUILD 2012-10\BuildOutput\Main\OgreSrc\ogre\OgreMain\src\OgreGpuProgramParams.cpp (line 1425)
14:42:03: Compiler error: invalid parameters in Examples.material(843): setting of constant failed
14:42:03: OGRE EXCEPTION(6:FileNotFoundException): Cannot locate resource Grass.cg in resource group General or any other group. in ResourceGroupManager::openResource at D:\Mogre BUILD 2012-10\BuildOutput\Main\OgreSrc\ogre\OgreMain\src\OgreResourceGroupManager.cpp (line 753)
14:42:03: High-level program Examples/GrassWaverTexVp encountered an error during loading and is thus not supported.
OGRE EXCEPTION(6:FileNotFoundException): Cannot locate resource Grass.cg in resource group General or any other group. in ResourceGroupManager::openResource at D:\Mogre BUILD 2012-10\BuildOutput\Main\OgreSrc\ogre\OgreMain\src\OgreResourceGroupManager.cpp (line 753)
14:42:03: OGRE EXCEPTION(2:InvalidParametersException): Named constants have not been initialised, perhaps a compile error. in GpuProgramParameters::_findNamedConstantDefinition at D:\Mogre BUILD 2012-10\BuildOutput\Main\OgreSrc\ogre\OgreMain\src\OgreGpuProgramParams.cpp (line 1425)
14:42:03: Compiler error: invalid parameters in Examples.material(855): setting of constant failed
14:42:03: OGRE EXCEPTION(2:InvalidParametersException): Named constants have not been initialised, perhaps a compile error. in GpuProgramParameters::_findNamedConstantDefinition at D:\Mogre BUILD 2012-10\BuildOutput\Main\OgreSrc\ogre\OgreMain\src\OgreGpuProgramParams.cpp (line 1425)
14:42:03: Compiler error: invalid parameters in Examples.material(856): setting of constant failed
14:42:03: OGRE EXCEPTION(6:FileNotFoundException): Cannot locate resource Grass.cg in resource group General or any other group. in ResourceGroupManager::openResource at D:\Mogre BUILD 2012-10\BuildOutput\Main\OgreSrc\ogre\OgreMain\src\OgreResourceGroupManager.cpp (line 753)
14:42:03: High-level program Examples/GrassWaverAmbientVp encountered an error during loading and is thus not supported.
OGRE EXCEPTION(6:FileNotFoundException): Cannot locate resource Grass.cg in resource group General or any other group. in ResourceGroupManager::openResource at D:\Mogre BUILD 2012-10\BuildOutput\Main\OgreSrc\ogre\OgreMain\src\OgreResourceGroupManager.cpp (line 753)
14:42:03: OGRE EXCEPTION(2:InvalidParametersException): Named constants have not been initialised, perhaps a compile error. in GpuProgramParameters::_findNamedConstantDefinition at D:\Mogre BUILD 2012-10\BuildOutput\Main\OgreSrc\ogre\OgreMain\src\OgreGpuProgramParams.cpp (line 1425)
14:42:03: Compiler error: invalid parameters in Examples.material(867): setting of constant failed
14:42:03: OGRE EXCEPTION(2:InvalidParametersException): Named constants have not been initialised, perhaps a compile error. in GpuProgramParameters::_findNamedConstantDefinition at D:\Mogre BUILD 2012-10\BuildOutput\Main\OgreSrc\ogre\OgreMain\src\OgreGpuProgramParams.cpp (line 1425)
14:42:03: Compiler error: invalid parameters in Examples.material(868): setting of constant failed
14:42:03: OGRE EXCEPTION(2:InvalidParametersException): Named constants have not been initialised, perhaps a compile error. in GpuProgramParameters::_findNamedConstantDefinition at D:\Mogre BUILD 2012-10\BuildOutput\Main\OgreSrc\ogre\OgreMain\src\OgreGpuProgramParams.cpp (line 1425)
14:42:03: Compiler error: invalid parameters in Examples.material(869): setting of constant failed
14:42:03: OGRE EXCEPTION(6:FileNotFoundException): Cannot locate resource Grass.cg in resource group General or any other group. in ResourceGroupManager::openResource at D:\Mogre BUILD 2012-10\BuildOutput\Main\OgreSrc\ogre\OgreMain\src\OgreResourceGroupManager.cpp (line 753)
14:42:03: High-level program Examples/GrassWaverAmbientFp encountered an error during loading and is thus not supported.
OGRE EXCEPTION(6:FileNotFoundException): Cannot locate resource Grass.cg in resource group General or any other group. in ResourceGroupManager::openResource at D:\Mogre BUILD 2012-10\BuildOutput\Main\OgreSrc\ogre\OgreMain\src\OgreResourceGroupManager.cpp (line 753)
14:42:03: OGRE EXCEPTION(6:FileNotFoundException): Cannot locate resource Grass.cg in resource group General or any other group. in ResourceGroupManager::openResource at D:\Mogre BUILD 2012-10\BuildOutput\Main\OgreSrc\ogre\OgreMain\src\OgreResourceGroupManager.cpp (line 753)
14:42:03: High-level program Examples/GrassWaverFp encountered an error during loading and is thus not supported.
OGRE EXCEPTION(6:FileNotFoundException): Cannot locate resource Grass.cg in resource group General or any other group. in ResourceGroupManager::openResource at D:\Mogre BUILD 2012-10\BuildOutput\Main\OgreSrc\ogre\OgreMain\src\OgreResourceGroupManager.cpp (line 753)
14:42:03: OGRE EXCEPTION(6:FileNotFoundException): Cannot locate resource Grass.cg in resource group General or any other group. in ResourceGroupManager::openResource at D:\Mogre BUILD 2012-10\BuildOutput\Main\OgreSrc\ogre\OgreMain\src\OgreResourceGroupManager.cpp (line 753)
14:42:03: High-level program Examples/GrassWaverCasterVp encountered an error during loading and is thus not supported.
OGRE EXCEPTION(6:FileNotFoundException): Cannot locate resource Grass.cg in resource group General or any other group. in ResourceGroupManager::openResource at D:\Mogre BUILD 2012-10\BuildOutput\Main\OgreSrc\ogre\OgreMain\src\OgreResourceGroupManager.cpp (line 753)
14:42:03: OGRE EXCEPTION(2:InvalidParametersException): Named constants have not been initialised, perhaps a compile error. in GpuProgramParameters::_findNamedConstantDefinition at D:\Mogre BUILD 2012-10\BuildOutput\Main\OgreSrc\ogre\OgreMain\src\OgreGpuProgramParams.cpp (line 1425)
14:42:03: Compiler error: invalid parameters in Examples.material(899): setting of constant failed
14:42:03: OGRE EXCEPTION(2:InvalidParametersException): Named constants have not been initialised, perhaps a compile error. in GpuProgramParameters::_findNamedConstantDefinition at D:\Mogre BUILD 2012-10\BuildOutput\Main\OgreSrc\ogre\OgreMain\src\OgreGpuProgramParams.cpp (line 1425)
14:42:03: Compiler error: invalid parameters in Examples.material(900): setting of constant failed
14:42:03: OGRE EXCEPTION(2:InvalidParametersException): Named constants have not been initialised, perhaps a compile error. in GpuProgramParameters::_findNamedConstantDefinition at D:\Mogre BUILD 2012-10\BuildOutput\Main\OgreSrc\ogre\OgreMain\src\OgreGpuProgramParams.cpp (line 1425)
14:42:03: Compiler error: invalid parameters in Examples.material(901): setting of constant failed
14:42:03: OGRE EXCEPTION(6:FileNotFoundException): Cannot locate resource Grass.cg in resource group General or any other group. in ResourceGroupManager::openResource at D:\Mogre BUILD 2012-10\BuildOutput\Main\OgreSrc\ogre\OgreMain\src\OgreResourceGroupManager.cpp (line 753)
14:42:03: High-level program Examples/GrassWaverCasterFp encountered an error during loading and is thus not supported.
OGRE EXCEPTION(6:FileNotFoundException): Cannot locate resource Grass.cg in resource group General or any other group. in ResourceGroupManager::openResource at D:\Mogre BUILD 2012-10\BuildOutput\Main\OgreSrc\ogre\OgreMain\src\OgreResourceGroupManager.cpp (line 753)
14:42:03: OGRE EXCEPTION(6:FileNotFoundException): Cannot locate resource Grass.cg in resource group General or any other group. in ResourceGroupManager::openResource at D:\Mogre BUILD 2012-10\BuildOutput\Main\OgreSrc\ogre\OgreMain\src\OgreResourceGroupManager.cpp (line 753)
14:42:03: High-level program Examples/GrassWaverReceiverVp encountered an error during loading and is thus not supported.
OGRE EXCEPTION(6:FileNotFoundException): Cannot locate resource Grass.cg in resource group General or any other group. in ResourceGroupManager::openResource at D:\Mogre BUILD 2012-10\BuildOutput\Main\OgreSrc\ogre\OgreMain\src\OgreResourceGroupManager.cpp (line 753)
14:42:03: OGRE EXCEPTION(2:InvalidParametersException): Named constants have not been initialised, perhaps a compile error. in GpuProgramParameters::_findNamedConstantDefinition at D:\Mogre BUILD 2012-10\BuildOutput\Main\OgreSrc\ogre\OgreMain\src\OgreGpuProgramParams.cpp (line 1425)
14:42:03: Compiler error: invalid parameters in Examples.material(922): setting of constant failed
14:42:03: OGRE EXCEPTION(2:InvalidParametersException): Named constants have not been initialised, perhaps a compile error. in GpuProgramParameters::_findNamedConstantDefinition at D:\Mogre BUILD 2012-10\BuildOutput\Main\OgreSrc\ogre\OgreMain\src\OgreGpuProgramParams.cpp (line 1425)
14:42:03: Compiler error: invalid parameters in Examples.material(923): setting of constant failed
14:42:03: OGRE EXCEPTION(2:InvalidParametersException): Named constants have not been initialised, perhaps a compile error. in GpuProgramParameters::_findNamedConstantDefinition at D:\Mogre BUILD 2012-10\BuildOutput\Main\OgreSrc\ogre\OgreMain\src\OgreGpuProgramParams.cpp (line 1425)
14:42:03: Compiler error: invalid parameters in Examples.material(924): setting of constant failed
14:42:03: OGRE EXCEPTION(2:InvalidParametersException): Named constants have not been initialised, perhaps a compile error. in GpuProgramParameters::_findNamedConstantDefinition at D:\Mogre BUILD 2012-10\BuildOutput\Main\OgreSrc\ogre\OgreMain\src\OgreGpuProgramParams.cpp (line 1425)
14:42:03: Compiler error: invalid parameters in Examples.material(926): setting of constant failed
14:42:03: OGRE EXCEPTION(2:InvalidParametersException): Named constants have not been initialised, perhaps a compile error. in GpuProgramParameters::_findNamedConstantDefinition at D:\Mogre BUILD 2012-10\BuildOutput\Main\OgreSrc\ogre\OgreMain\src\OgreGpuProgramParams.cpp (line 1425)
14:42:03: Compiler error: invalid parameters in Examples.material(928): setting of constant failed
14:42:03: OGRE EXCEPTION(2:InvalidParametersException): Named constants have not been initialised, perhaps a compile error. in GpuProgramParameters::_findNamedConstantDefinition at D:\Mogre BUILD 2012-10\BuildOutput\Main\OgreSrc\ogre\OgreMain\src\OgreGpuProgramParams.cpp (line 1425)
14:42:03: Compiler error: invalid parameters in Examples.material(929): setting of constant failed
14:42:03: OGRE EXCEPTION(2:InvalidParametersException): Named constants have not been initialised, perhaps a compile error. in GpuProgramParameters::_findNamedConstantDefinition at D:\Mogre BUILD 2012-10\BuildOutput\Main\OgreSrc\ogre\OgreMain\src\OgreGpuProgramParams.cpp (line 1425)
14:42:03: Compiler error: invalid parameters in Examples.material(931): setting of constant failed
14:42:03: OGRE EXCEPTION(6:FileNotFoundException): Cannot locate resource Grass.cg in resource group General or any other group. in ResourceGroupManager::openResource at D:\Mogre BUILD 2012-10\BuildOutput\Main\OgreSrc\ogre\OgreMain\src\OgreResourceGroupManager.cpp (line 753)
14:42:03: High-level program Examples/GrassWaverReceiverFp encountered an error during loading and is thus not supported.
OGRE EXCEPTION(6:FileNotFoundException): Cannot locate resource Grass.cg in resource group General or any other group. in ResourceGroupManager::openResource at D:\Mogre BUILD 2012-10\BuildOutput\Main\OgreSrc\ogre\OgreMain\src\OgreResourceGroupManager.cpp (line 753)
14:42:03: OGRE EXCEPTION(2:InvalidParametersException): Named constants have not been initialised, perhaps a compile error. in GpuProgramParameters::_findNamedConstantDefinition at D:\Mogre BUILD 2012-10\BuildOutput\Main\OgreSrc\ogre\OgreMain\src\OgreGpuProgramParams.cpp (line 1425)
14:42:03: Compiler error: invalid parameters in Examples.material(945): setting of constant failed
14:42:03: OGRE EXCEPTION(2:InvalidParametersException): Named constants have not been initialised, perhaps a compile error. in GpuProgramParameters::_findNamedConstantDefinition at D:\Mogre BUILD 2012-10\BuildOutput\Main\OgreSrc\ogre\OgreMain\src\OgreGpuProgramParams.cpp (line 1425)
14:42:03: Compiler error: invalid parameters in Examples.material(946): setting of constant failed
14:42:03: OGRE EXCEPTION(2:InvalidParametersException): Named constants have not been initialised, perhaps a compile error. in GpuProgramParameters::_findNamedConstantDefinition at D:\Mogre BUILD 2012-10\BuildOutput\Main\OgreSrc\ogre\OgreMain\src\OgreGpuProgramParams.cpp (line 1425)
14:42:03: Compiler error: invalid parameters in Examples.material(947): setting of constant failed
14:42:03: Compiler error: reference to a non existing object in Examples.material(1281)
14:42:03: Compiler error: reference to a non existing object in Examples.material(1473)
14:42:03: Compiler error: reference to a non existing object in Examples.material(1508)
14:42:03: Compiler error: reference to a non existing object in Examples.material(1617)
14:42:03: Compiler error: reference to a non existing object in Examples.material(1622)
14:42:03: OGRE EXCEPTION(6:FileNotFoundException): Cannot locate resource Example_Basic.cg in resource group General or any other group. in ResourceGroupManager::openResource at D:\Mogre BUILD 2012-10\BuildOutput\Main\OgreSrc\ogre\OgreMain\src\OgreResourceGroupManager.cpp (line 753)
14:42:03: High-level program Examples/ShowTangents_v encountered an error during loading and is thus not supported.
OGRE EXCEPTION(6:FileNotFoundException): Cannot locate resource Example_Basic.cg in resource group General or any other group. in ResourceGroupManager::openResource at D:\Mogre BUILD 2012-10\BuildOutput\Main\OgreSrc\ogre\OgreMain\src\OgreResourceGroupManager.cpp (line 753)
14:42:03: OGRE EXCEPTION(2:InvalidParametersException): Named constants have not been initialised, perhaps a compile error. in GpuProgramParameters::_findNamedConstantDefinition at D:\Mogre BUILD 2012-10\BuildOutput\Main\OgreSrc\ogre\OgreMain\src\OgreGpuProgramParams.cpp (line 1425)
14:42:03: Compiler error: invalid parameters in Examples.material(1696): setting of constant failed
14:42:03: OGRE EXCEPTION(6:FileNotFoundException): Cannot locate resource Example_Basic.cg in resource group General or any other group. in ResourceGroupManager::openResource at D:\Mogre BUILD 2012-10\BuildOutput\Main\OgreSrc\ogre\OgreMain\src\OgreResourceGroupManager.cpp (line 753)
14:42:03: High-level program Examples/ShowNormals_v encountered an error during loading and is thus not supported.
OGRE EXCEPTION(6:FileNotFoundException): Cannot locate resource Example_Basic.cg in resource group General or any other group. in ResourceGroupManager::openResource at D:\Mogre BUILD 2012-10\BuildOutput\Main\OgreSrc\ogre\OgreMain\src\OgreResourceGroupManager.cpp (line 753)
14:42:03: OGRE EXCEPTION(2:InvalidParametersException): Named constants have not been initialised, perhaps a compile error. in GpuProgramParameters::_findNamedConstantDefinition at D:\Mogre BUILD 2012-10\BuildOutput\Main\OgreSrc\ogre\OgreMain\src\OgreGpuProgramParams.cpp (line 1425)
14:42:03: Compiler error: invalid parameters in Examples.material(1706): setting of constant failed
14:42:03: Compiler error: reference to a non existing object in Examples.material(1716)
14:42:03: OGRE EXCEPTION(6:FileNotFoundException): Cannot locate resource Example_Basic.cg in resource group General or any other group. in ResourceGroupManager::openResource at D:\Mogre BUILD 2012-10\BuildOutput\Main\OgreSrc\ogre\OgreMain\src\OgreResourceGroupManager.cpp (line 753)
14:42:03: High-level program Examples/ShowUV_p encountered an error during loading and is thus not supported.
OGRE EXCEPTION(6:FileNotFoundException): Cannot locate resource Example_Basic.cg in resource group General or any other group. in ResourceGroupManager::openResource at D:\Mogre BUILD 2012-10\BuildOutput\Main\OgreSrc\ogre\OgreMain\src\OgreResourceGroupManager.cpp (line 753)
14:42:03: OGRE EXCEPTION(6:FileNotFoundException): Cannot locate resource Example_Basic.cg in resource group General or any other group. in ResourceGroupManager::openResource at D:\Mogre BUILD 2012-10\BuildOutput\Main\OgreSrc\ogre\OgreMain\src\OgreResourceGroupManager.cpp (line 753)
14:42:03: High-level program Examples/ShowUVdir3D encountered an error during loading and is thus not supported.
OGRE EXCEPTION(6:FileNotFoundException): Cannot locate resource Example_Basic.cg in resource group General or any other group. in ResourceGroupManager::openResource at D:\Mogre BUILD 2012-10\BuildOutput\Main\OgreSrc\ogre\OgreMain\src\OgreResourceGroupManager.cpp (line 753)
14:42:03: Parsing script Ogre.material
14:42:03: Parsing script Sinbad.material
14:42:03: Finished parsing scripts for resource group General
14:42:03: Parsing scripts for resource group Internal
14:42:03: Finished parsing scripts for resource group Internal
14:42:03: Demo initialized!
14:42:03: Entering MenuState...
14:42:04: Font SdkTrays/Captionusing texture size 512x256
14:42:04: Info: Freetype returned null for character 160 in font SdkTrays/Caption
14:42:04: Texture: SdkTrays/CaptionTexture: Loading 1 faces(PF_BYTE_LA,512x256x1) with 0 generated mipmaps from Image. Internal format is PF_BYTE_LA,512x256x1.
14:42:04: Font SdkTrays/Valueusing texture size 512x256
14:42:04: Info: Freetype returned null for character 127 in font SdkTrays/Value
14:42:04: Info: Freetype returned null for character 128 in font SdkTrays/Value
14:42:04: Info: Freetype returned null for character 129 in font SdkTrays/Value
14:42:04: Info: Freetype returned null for character 130 in font SdkTrays/Value
14:42:04: Info: Freetype returned null for character 131 in font SdkTrays/Value
14:42:04: Info: Freetype returned null for character 132 in font SdkTrays/Value
14:42:04: Info: Freetype returned null for character 133 in font SdkTrays/Value
14:42:04: Info: Freetype returned null for character 134 in font SdkTrays/Value
14:42:04: Info: Freetype returned null for character 135 in font SdkTrays/Value
14:42:04: Info: Freetype returned null for character 136 in font SdkTrays/Value
14:42:04: Info: Freetype returned null for character 137 in font SdkTrays/Value
14:42:04: Info: Freetype returned null for character 138 in font SdkTrays/Value
14:42:04: Info: Freetype returned null for character 139 in font SdkTrays/Value
14:42:04: Info: Freetype returned null for character 140 in font SdkTrays/Value
14:42:04: Info: Freetype returned null for character 141 in font SdkTrays/Value
14:42:04: Info: Freetype returned null for character 142 in font SdkTrays/Value
14:42:04: Info: Freetype returned null for character 143 in font SdkTrays/Value
14:42:04: Info: Freetype returned null for character 144 in font SdkTrays/Value
14:42:04: Info: Freetype returned null for character 145 in font SdkTrays/Value
14:42:04: Info: Freetype returned null for character 146 in font SdkTrays/Value
14:42:04: Info: Freetype returned null for character 147 in font SdkTrays/Value
14:42:04: Info: Freetype returned null for character 148 in font SdkTrays/Value
14:42:04: Info: Freetype returned null for character 149 in font SdkTrays/Value
14:42:04: Info: Freetype returned null for character 150 in font SdkTrays/Value
14:42:04: Info: Freetype returned null for character 151 in font SdkTrays/Value
14:42:04: Info: Freetype returned null for character 152 in font SdkTrays/Value
14:42:04: Info: Freetype returned null for character 153 in font SdkTrays/Value
14:42:04: Info: Freetype returned null for character 154 in font SdkTrays/Value
14:42:04: Info: Freetype returned null for character 155 in font SdkTrays/Value
14:42:04: Info: Freetype returned null for character 156 in font SdkTrays/Value
14:42:04: Info: Freetype returned null for character 157 in font SdkTrays/Value
14:42:04: Info: Freetype returned null for character 158 in font SdkTrays/Value
14:42:04: Info: Freetype returned null for character 159 in font SdkTrays/Value
14:42:04: Info: Freetype returned null for character 160 in font SdkTrays/Value
14:42:04: Texture: SdkTrays/ValueTexture: Loading 1 faces(PF_BYTE_LA,512x256x1) with 0 generated mipmaps from Image. Internal format is PF_BYTE_LA,512x256x1.
14:42:04: Texture: sdk_button_over.png: Loading 1 faces(PF_A8R8G8B8,128x32x1) with  hardware generated mipmaps from Image. Internal format is PF_A8R8G8B8,128x32x1.
14:42:05: Texture: sdk_button_down.png: Loading 1 faces(PF_A8R8G8B8,128x32x1) with  hardware generated mipmaps from Image. Internal format is PF_A8R8G8B8,128x32x1.
14:42:05: Leaving MenuState...
14:42:05: Entering GameState...
14:42:05: [DotSceneLoader] Parsing dotScene file with version 1.0.0
14:42:05: Mesh: Loading Cube01.mesh.
14:42:05: Texture: dirt.jpg: Loading 1 faces(PF_R8G8B8,96x96x1) with 5 generated mipmaps from Image. Internal format is PF_X8R8G8B8,96x96x1.
14:42:05: Mesh: Loading Cube03.mesh.
14:42:05: Texture: steel.jpg: Loading 1 faces(PF_R8G8B8,256x256x1) with  hardware generated mipmaps from Image. Internal format is PF_X8R8G8B8,256x256x1.
14:42:05: Mesh: Loading Cube02.mesh.
14:42:05: Texture: chrome.jpg: Loading 1 faces(PF_L8,256x256x1) with  hardware generated mipmaps from Image. Internal format is PF_L8,256x256x1.
14:42:05: Mesh: Loading ogrehead.mesh.
14:42:05: Texture: GreenSkin.jpg: Loading 1 faces(PF_R8G8B8,256x256x1) with  hardware generated mipmaps from Image. Internal format is PF_X8R8G8B8,256x256x1.
14:42:05: Texture: spheremap.png: Loading 1 faces(PF_R8G8B8,256x256x1) with  hardware generated mipmaps from Image. Internal format is PF_X8R8G8B8,256x256x1.
14:42:05: Texture: tusk.jpg: Loading 1 faces(PF_R8G8B8,96x96x1) with 5 generated mipmaps from Image. Internal format is PF_X8R8G8B8,96x96x1.
14:42:05: Pausing GameState...
14:42:05: Entering PauseState...
14:42:09: Leaving PauseState...
14:42:09: Leaving GameState...
14:42:09: Entering MenuState...
14:42:10: Leaving MenuState...
14:42:10: Entering SinbadState...
14:42:10: Texture: rockwall.tga: Loading 1 faces(PF_R8G8B8,256x256x1) with  hardware generated mipmaps from Image. Internal format is PF_X8R8G8B8,256x256x1.
14:42:10: Mesh: Loading Sinbad.mesh.
14:42:10: Skeleton: Loading Sinbad.skeleton
14:42:10: WARNING: Sinbad.mesh is an older format ([MeshSerializer_v1.40]); you should upgrade it as soon as possible using the OgreMeshUpgrade tool.
14:42:10: Texture: sinbad_body.tga: Loading 1 faces(PF_R8G8B8,512x512x1) with  hardware generated mipmaps from Image. Internal format is PF_X8R8G8B8,512x512x1.
14:42:10: Texture: sinbad_clothes.tga: Loading 1 faces(PF_R8G8B8,512x512x1) with  hardware generated mipmaps from Image. Internal format is PF_X8R8G8B8,512x512x1.
14:42:10: Texture: sinbad_sword.tga: Loading 1 faces(PF_R8G8B8,256x256x1) with  hardware generated mipmaps from Image. Internal format is PF_X8R8G8B8,256x256x1.
14:42:10: WARNING: the mesh 'Sinbad.mesh' includes vertices with more than 4 bone assignments. The lowest weighted assignments beyond this limit have been removed, so your animation may look slightly different. To eliminate this, reduce the number of bone assignments per vertex on your mesh to 4.
14:42:10: Mesh: Loading Sword.mesh.
14:42:10: WARNING: Sword.mesh is an older format ([MeshSerializer_v1.40]); you should upgrade it as soon as possible using the OgreMeshUpgrade tool.
14:42:11: Texture: spot_shadow_fade.png: Loading 1 faces(PF_R8G8B8,128x128x1) with  hardware generated mipmaps from Image. Internal format is PF_X8R8G8B8,128x128x1.
14:42:17: Pausing SinbadState...
14:42:17: Entering PauseState...
14:42:18: Leaving PauseState...
14:42:18: Leaving SinbadState...
14:42:18: Entering MenuState...
